{
  "RSpec": {
    "coverage": {
      "/Users/abdirizakobsiye/Projects/MakersAcademy/month2/week4/bookmark-manager/spec/bookmark_spec.rb": [
        1,
        null,
        1,
        1,
        1,
        1,
        null,
        1,
        0,
        0,
        null,
        null,
        null
      ],
      "/Users/abdirizakobsiye/Projects/MakersAcademy/month2/week4/bookmark-manager/spec/features/index_spec.rb": [
        1,
        null,
        1,
        1,
        1,
        null,
        null,
        null
      ],
      "/Users/abdirizakobsiye/Projects/MakersAcademy/month2/week4/bookmark-manager/spec/features/view_bookmark_spec.rb": [
        1,
        null,
        1,
        1,
        1,
        1,
        null,
        null,
        null
      ]
    },
    "timestamp": 1542645171
  }
}
