{
  "RSpec": {
    "coverage": {
      "/Users/samuelculley/projects/makers/4week/bookmark-manager/spec/bookmark_spec.rb": [
        1,
        null,
        1,
        1,
        1,
        1,
        null,
        null,
        null
      ],
      "/Users/samuelculley/projects/makers/4week/bookmark-manager/spec/features/index_spec.rb": [
        1,
        null,
        1,
        1,
        1,
        null,
        null,
        null
      ],
      "/Users/samuelculley/projects/makers/4week/bookmark-manager/spec/features/view_bookmark_spec.rb": [
        1,
        null,
        1,
        1,
        1,
        1,
        null,
        null,
        null
      ]
    },
    "timestamp": 1542642325
  }
}
